c:\users\hp\onedrive - vnu.edu.vn\uet\courses\int2215\btl\tetris_game\x64\debug\vc143.pdb
c:\users\hp\onedrive - vnu.edu.vn\uet\courses\int2215\btl\tetris_game\x64\debug\vc143.idb
c:\users\hp\onedrive - vnu.edu.vn\uet\courses\int2215\btl\tetris_game\x64\debug\theme.nativecodeanalysis.sarif
c:\users\hp\onedrive - vnu.edu.vn\uet\courses\int2215\btl\tetris_game\x64\debug\theme.nativecodeanalysis.xml
c:\users\hp\onedrive - vnu.edu.vn\uet\courses\int2215\btl\tetris_game\x64\debug\texture.nativecodeanalysis.sarif
c:\users\hp\onedrive - vnu.edu.vn\uet\courses\int2215\btl\tetris_game\x64\debug\texture.nativecodeanalysis.xml
c:\users\hp\onedrive - vnu.edu.vn\uet\courses\int2215\btl\tetris_game\x64\debug\tetris_game.nativecodeanalysis.sarif
c:\users\hp\onedrive - vnu.edu.vn\uet\courses\int2215\btl\tetris_game\x64\debug\tetris_game.nativecodeanalysis.xml
c:\users\hp\onedrive - vnu.edu.vn\uet\courses\int2215\btl\tetris_game\x64\debug\sound.nativecodeanalysis.sarif
c:\users\hp\onedrive - vnu.edu.vn\uet\courses\int2215\btl\tetris_game\x64\debug\sound.nativecodeanalysis.xml
c:\users\hp\onedrive - vnu.edu.vn\uet\courses\int2215\btl\tetris_game\x64\debug\sdl_utils.nativecodeanalysis.sarif
c:\users\hp\onedrive - vnu.edu.vn\uet\courses\int2215\btl\tetris_game\x64\debug\sdl_utils.nativecodeanalysis.xml
c:\users\hp\onedrive - vnu.edu.vn\uet\courses\int2215\btl\tetris_game\x64\debug\render.nativecodeanalysis.sarif
c:\users\hp\onedrive - vnu.edu.vn\uet\courses\int2215\btl\tetris_game\x64\debug\render.nativecodeanalysis.xml
c:\users\hp\onedrive - vnu.edu.vn\uet\courses\int2215\btl\tetris_game\x64\debug\piece.nativecodeanalysis.sarif
c:\users\hp\onedrive - vnu.edu.vn\uet\courses\int2215\btl\tetris_game\x64\debug\piece.nativecodeanalysis.xml
c:\users\hp\onedrive - vnu.edu.vn\uet\courses\int2215\btl\tetris_game\x64\debug\pause.nativecodeanalysis.sarif
c:\users\hp\onedrive - vnu.edu.vn\uet\courses\int2215\btl\tetris_game\x64\debug\pause.nativecodeanalysis.xml
c:\users\hp\onedrive - vnu.edu.vn\uet\courses\int2215\btl\tetris_game\x64\debug\input.nativecodeanalysis.sarif
c:\users\hp\onedrive - vnu.edu.vn\uet\courses\int2215\btl\tetris_game\x64\debug\input.nativecodeanalysis.xml
c:\users\hp\onedrive - vnu.edu.vn\uet\courses\int2215\btl\tetris_game\x64\debug\game.nativecodeanalysis.sarif
c:\users\hp\onedrive - vnu.edu.vn\uet\courses\int2215\btl\tetris_game\x64\debug\game.nativecodeanalysis.xml
c:\users\hp\onedrive - vnu.edu.vn\uet\courses\int2215\btl\tetris_game\x64\debug\button.nativecodeanalysis.sarif
c:\users\hp\onedrive - vnu.edu.vn\uet\courses\int2215\btl\tetris_game\x64\debug\button.nativecodeanalysis.xml
c:\users\hp\onedrive - vnu.edu.vn\uet\courses\int2215\btl\tetris_game\x64\debug\board.nativecodeanalysis.sarif
c:\users\hp\onedrive - vnu.edu.vn\uet\courses\int2215\btl\tetris_game\x64\debug\board.nativecodeanalysis.xml
c:\users\hp\onedrive - vnu.edu.vn\uet\courses\int2215\btl\tetris_game\x64\debug\board.obj
c:\users\hp\onedrive - vnu.edu.vn\uet\courses\int2215\btl\tetris_game\x64\debug\button.obj
c:\users\hp\onedrive - vnu.edu.vn\uet\courses\int2215\btl\tetris_game\x64\debug\game.obj
c:\users\hp\onedrive - vnu.edu.vn\uet\courses\int2215\btl\tetris_game\x64\debug\input.obj
c:\users\hp\onedrive - vnu.edu.vn\uet\courses\int2215\btl\tetris_game\x64\debug\pause.obj
c:\users\hp\onedrive - vnu.edu.vn\uet\courses\int2215\btl\tetris_game\x64\debug\piece.obj
c:\users\hp\onedrive - vnu.edu.vn\uet\courses\int2215\btl\tetris_game\x64\debug\render.obj
c:\users\hp\onedrive - vnu.edu.vn\uet\courses\int2215\btl\tetris_game\x64\debug\sdl_utils.obj
c:\users\hp\onedrive - vnu.edu.vn\uet\courses\int2215\btl\tetris_game\x64\debug\sound.obj
c:\users\hp\onedrive - vnu.edu.vn\uet\courses\int2215\btl\tetris_game\x64\debug\tetris_game.obj
c:\users\hp\onedrive - vnu.edu.vn\uet\courses\int2215\btl\tetris_game\x64\debug\texture.obj
c:\users\hp\onedrive - vnu.edu.vn\uet\courses\int2215\btl\tetris_game\x64\debug\theme.obj
c:\users\hp\onedrive - vnu.edu.vn\uet\courses\int2215\btl\tetris_game\x64\debug\tetris_game.ilk
c:\users\hp\onedrive - vnu.edu.vn\uet\courses\int2215\btl\tetris_game\x64\debug\tetris_game.exe
c:\users\hp\onedrive - vnu.edu.vn\uet\courses\int2215\btl\tetris_game\x64\debug\tetris_game.pdb
c:\users\hp\onedrive - vnu.edu.vn\uet\courses\int2215\btl\tetris_game\x64\debug\vc.nativecodeanalysis.all.xml
c:\users\hp\onedrive - vnu.edu.vn\uet\courses\int2215\btl\tetris_game\x64\debug\tetris_game.tlog\cl.command.1.tlog
c:\users\hp\onedrive - vnu.edu.vn\uet\courses\int2215\btl\tetris_game\x64\debug\tetris_game.tlog\cl.read.1.tlog
c:\users\hp\onedrive - vnu.edu.vn\uet\courses\int2215\btl\tetris_game\x64\debug\tetris_game.tlog\cl.write.1.tlog
c:\users\hp\onedrive - vnu.edu.vn\uet\courses\int2215\btl\tetris_game\x64\debug\tetris_game.tlog\link.command.1.tlog
c:\users\hp\onedrive - vnu.edu.vn\uet\courses\int2215\btl\tetris_game\x64\debug\tetris_game.tlog\link.read.1.tlog
c:\users\hp\onedrive - vnu.edu.vn\uet\courses\int2215\btl\tetris_game\x64\debug\tetris_game.tlog\link.write.1.tlog
